<?xml version="1.0" encoding="UTF-8"?>
<!-- Generated by org.testng.reporters.JUnitReportReporter -->
<testsuite hostname="DESKTOP-R327T0I" failures="0" tests="1" name="testpack.chrome" time="14.299" errors="0" timestamp="2021-04-28T12:40:12 IST" skipped="0">
  <testcase classname="testpack.chrome" name="browse" time="14.299"/>
  <system-out/>
</testsuite> <!-- testpack.chrome -->
