<?xml version="1.0" encoding="UTF-8"?>
<!-- Generated by org.testng.reporters.JUnitReportReporter -->
<testsuite hostname="DESKTOP-R327T0I" failures="0" tests="1" name="testpack.chrome" time="16.035" errors="0" timestamp="29 Apr 2021 09:15:09 GMT" skipped="0">
  <testcase classname="testpack.chrome" name="browse" time="16.035"/>
</testsuite> <!-- testpack.chrome -->
